::1 - - [26/Jan/2015:09:57:42 +0100] "GET /phpmyadmin/ HTTP/1.1" 200 8153
::1 - - [26/Jan/2015:09:57:43 +0100] "GET /phpmyadmin/js/get_scripts.js.php?scripts[]=jquery/jquery-1.8.3.js&scripts[]=ajax.js&scripts[]=keyhandler.js&scripts[]=jquery/jquery-ui-1.9.2.custom.js&scripts[]=jquery/jquery.sprintf.js&scripts[]=jquery/jquery.cookie.js&scripts[]=jquery/jquery.mousewheel.js&scripts[]=jquery/jquery.event.drag-2.2.js&scripts[]=jquery/jquery-ui-timepicker-addon.js&scripts[]=jquery/jquery.ba-hashchange-1.3.js&scripts[]=jquery/jquery.debounce-1.0.5.js&scripts[]=jquery/jquery.menuResizer-1.0.js&scripts[]=rte.js&scripts[]=functions.js&scripts[]=navigation.js&scripts[]=indexes.js&scripts[]=common.js&scripts[]=codemirror/lib/codemirror.js&scripts[]=codemirror/mode/mysql/mysql.js HTTP/1.1" 200 578562
::1 - - [26/Jan/2015:09:57:43 +0100] "GET /phpmyadmin/phpmyadmin.css.php?server=1&token=404c3a44c6b76a553e445b94f80276f9&nocache=4251025850ltr HTTP/1.1" 200 88608
::1 - - [26/Jan/2015:09:57:43 +0100] "GET /phpmyadmin/js/messages.php?lang=nl&db=&server=0&token=404c3a44c6b76a553e445b94f80276f9 HTTP/1.1" 200 18194
::1 - - [26/Jan/2015:09:57:43 +0100] "GET /phpmyadmin/js/get_image.js.php?theme=pmahomme HTTP/1.1" 200 6263
::1 - - [26/Jan/2015:10:02:52 +0100] "POST /phpmyadmin/index.php HTTP/1.1" 302 -
::1 - - [26/Jan/2015:10:02:53 +0100] "GET /phpmyadmin/index.php?token=404c3a44c6b76a553e445b94f80276f9 HTTP/1.1" 200 50540
::1 - - [26/Jan/2015:10:02:54 +0100] "GET /phpmyadmin/themes/pmahomme/img/logo_left.png HTTP/1.1" 200 2327
::1 - - [26/Jan/2015:10:02:54 +0100] "GET /phpmyadmin/themes/pmahomme/img/ajax_clock_small.gif HTTP/1.1" 200 1810
::1 - - [26/Jan/2015:10:02:54 +0100] "GET /phpmyadmin/phpmyadmin.css.php?server=1&token=404c3a44c6b76a553e445b94f80276f9&nocache=5673168132ltr HTTP/1.1" 200 88608
::1 - - [26/Jan/2015:10:02:55 +0100] "GET /phpmyadmin/themes/pmahomme/img/left_nav_bg.png HTTP/1.1" 200 297
::1 - - [26/Jan/2015:10:02:55 +0100] "GET /phpmyadmin/version_check.php?&_nocache=1422262975271254507 HTTP/1.1" 200 39
::1 - - [26/Jan/2015:10:02:58 +0100] "GET /phpmyadmin/server_databases.php?db=&token=404c3a44c6b76a553e445b94f80276f9&ajax_request=true&ajax_page_request=true&menuHashes=ec6fad07&_nocache=1422262978113761385 HTTP/1.1" 200 41869
::1 - - [26/Jan/2015:10:02:59 +0100] "GET /phpmyadmin/js/get_scripts.js.php?scripts[]=server_databases.js HTTP/1.1" 200 1818
::1 - - [26/Jan/2015:10:03:01 +0100] "GET /phpmyadmin/db_structure.php?token=404c3a44c6b76a553e445b94f80276f9&db=kinepolisdb&ajax_request=true&ajax_page_request=true&menuHashes=ec6fad07-66217aa0&_nocache=1422262981409893262 HTTP/1.1" 200 21295
::1 - - [26/Jan/2015:10:03:02 +0100] "GET /phpmyadmin/js/get_scripts.js.php?scripts[]=db_structure.js&scripts[]=tbl_change.js HTTP/1.1" 200 12382
::1 - - [26/Jan/2015:10:03:17 +0100] "GET /phpmyadmin/db_structure.php?server=1&db=autoparkdb&token=404c3a44c6b76a553e445b94f80276f9&ajax_request=true&ajax_page_request=true&menuHashes=ec6fad07-66217aa0-e8939a6c&_nocache=1422262997708981303 HTTP/1.1" 200 12736
::1 - - [26/Jan/2015:10:03:22 +0100] "GET /phpmyadmin/index.php?token=404c3a44c6b76a553e445b94f80276f9&ajax_request=true&ajax_page_request=true&menuHashes=ec6fad07-66217aa0-e8939a6c-35726c50&_nocache=1422263002964323096 HTTP/1.1" 200 37958
::1 - - [26/Jan/2015:10:03:23 +0100] "GET /phpmyadmin/version_check.php?&_nocache=142226300368189870 HTTP/1.1" 200 39
::1 - - [26/Jan/2015:10:03:25 +0100] "GET /phpmyadmin/server_databases.php?db=&token=404c3a44c6b76a553e445b94f80276f9&ajax_request=true&ajax_page_request=true&menuHashes=ec6fad07-66217aa0-e8939a6c-35726c50&_nocache=142226300593383762 HTTP/1.1" 200 39053
::1 - - [26/Jan/2015:10:03:36 +0100] "GET /phpmyadmin/themes/pmahomme/jquery/images/ui-bg_flat_75_ffffff_40x100.png HTTP/1.1" 200 178
::1 - - [26/Jan/2015:10:03:36 +0100] "GET /phpmyadmin/themes/pmahomme/jquery/images/ui-bg_highlight-soft_75_cccccc_1x100.png HTTP/1.1" 200 101
::1 - - [26/Jan/2015:10:03:36 +0100] "GET /phpmyadmin/themes/pmahomme/jquery/images/ui-icons_222222_256x240.png HTTP/1.1" 200 4369
::1 - - [26/Jan/2015:10:03:36 +0100] "GET /phpmyadmin/themes/pmahomme/jquery/images/ui-bg_flat_0_aaaaaa_40x100.png HTTP/1.1" 200 180
::1 - - [26/Jan/2015:10:03:36 +0100] "GET /phpmyadmin/themes/pmahomme/jquery/images/ui-bg_glass_75_dadada_1x400.png HTTP/1.1" 200 159
::1 - - [26/Jan/2015:10:03:36 +0100] "GET /phpmyadmin/themes/pmahomme/jquery/images/ui-bg_glass_75_e6e6e6_1x400.png HTTP/1.1" 200 110
::1 - - [26/Jan/2015:10:03:38 +0100] "GET /phpmyadmin/themes/pmahomme/jquery/images/ui-bg_glass_65_ffffff_1x400.png HTTP/1.1" 200 105
::1 - - [26/Jan/2015:10:03:38 +0100] "POST /phpmyadmin/server_databases.php?pos=0&dbstats=0&sort_by=SCHEMA_NAME&sort_order=asc&drop_selected_dbs=1&token=404c3a44c6b76a553e445b94f80276f9&selected_dbs%5B%5D=autoparkdb&selected_dbs%5B%5D=besteitemdb&selected_dbs%5B%5D=citytripsdb&selected_dbs%5B%5D=controledb&selected_dbs%5B%5D=looptrainingdb&selected_dbs%5B%5D=personendb&selected_dbs%5B%5D=studentendb&selected_dbs%5B%5D=test&selected_dbs%5B%5D=wijndb&drop_selected_dbs=1&is_js_confirmed=1&ajax_request=true HTTP/1.1" 200 181
::1 - - [26/Jan/2015:10:03:42 +0100] "POST /phpmyadmin/navigation.php?ajax_request=1&token=404c3a44c6b76a553e445b94f80276f9 HTTP/1.1" 200 703
::1 - - [26/Jan/2015:10:03:47 +0100] "GET /phpmyadmin/db_structure.php?token=404c3a44c6b76a553e445b94f80276f9&db=kinepolisdb&ajax_request=true&ajax_page_request=true&menuHashes=ec6fad07-66217aa0-e8939a6c-35726c50&_nocache=1422263027397922358 HTTP/1.1" 200 18088
::1 - - [26/Jan/2015:10:03:50 +0100] "GET /phpmyadmin/sql.php?db=kinepolisdb&token=404c3a44c6b76a553e445b94f80276f9&goto=db_structure.php&table=personeel&pos=0&ajax_request=true&ajax_page_request=true&menuHashes=ec6fad07-66217aa0-e8939a6c-35726c50&_nocache=1422263030634298851 HTTP/1.1" 200 21027
::1 - - [26/Jan/2015:10:03:51 +0100] "GET /phpmyadmin/js/get_scripts.js.php?scripts[]=tbl_structure.js&scripts[]=gis_data_editor.js&scripts[]=makegrid.js&scripts[]=sql.js HTTP/1.1" 200 50287
::1 - - [26/Jan/2015:10:03:51 +0100] "GET /phpmyadmin/index.php?ajax_request=1&recent_table=1&token=404c3a44c6b76a553e445b94f80276f9 HTTP/1.1" 200 623
::1 - - [26/Jan/2015:10:04:01 +0100] "POST /phpmyadmin/tbl_row_action.php HTTP/1.1" 200 12242
::1 - - [26/Jan/2015:10:04:02 +0100] "GET /phpmyadmin/js/messages.php?lang=nl&db=kinepolisdb&server=0&token=404c3a44c6b76a553e445b94f80276f9 HTTP/1.1" 200 18194
::1 - - [26/Jan/2015:10:04:03 +0100] "GET /phpmyadmin/index.php?ajax_request=1&recent_table=1&token=404c3a44c6b76a553e445b94f80276f9 HTTP/1.1" 200 623
::1 - - [26/Jan/2015:10:04:07 +0100] "GET /phpmyadmin/sql.php?db=kinepolisdb&table=personeel&token=404c3a44c6b76a553e445b94f80276f9&ajax_request=true&ajax_page_request=true&_nocache=1422263047918994545 HTTP/1.1" 200 21027
::1 - - [26/Jan/2015:10:04:08 +0100] "GET /phpmyadmin/js/get_scripts.js.php?scripts[]=tbl_change.js&scripts[]=tbl_structure.js&scripts[]=gis_data_editor.js&scripts[]=makegrid.js&scripts[]=sql.js HTTP/1.1" 200 57302
::1 - - [26/Jan/2015:10:04:08 +0100] "GET /phpmyadmin/index.php?ajax_request=1&recent_table=1&token=404c3a44c6b76a553e445b94f80276f9 HTTP/1.1" 200 623
::1 - - [26/Jan/2015:10:04:12 +0100] "POST /phpmyadmin/tbl_row_action.php HTTP/1.1" 200 26283
::1 - - [26/Jan/2015:10:04:13 +0100] "GET /phpmyadmin/js/get_scripts.js.php?scripts[]=jquery/jquery-1.8.3.js&scripts[]=ajax.js&scripts[]=keyhandler.js&scripts[]=jquery/jquery-ui-1.9.2.custom.js&scripts[]=jquery/jquery.sprintf.js&scripts[]=jquery/jquery.cookie.js&scripts[]=jquery/jquery.mousewheel.js&scripts[]=jquery/jquery.event.drag-2.2.js&scripts[]=jquery/jquery-ui-timepicker-addon.js&scripts[]=jquery/jquery.ba-hashchange-1.3.js&scripts[]=jquery/jquery.debounce-1.0.5.js&scripts[]=jquery/jquery.menuResizer-1.0.js&scripts[]=rte.js&scripts[]=functions.js&scripts[]=navigation.js&scripts[]=indexes.js&scripts[]=common.js&scripts[]=tbl_change.js&scripts[]=tbl_structure.js&scripts[]=gis_data_editor.js&scripts[]=makegrid.js&scripts[]=sql.js&scripts[]=codemirror/lib/codemirror.js&scripts[]=codemirror/mode/mysql/mysql.js HTTP/1.1" 200 635864
::1 - - [26/Jan/2015:10:04:13 +0100] "GET /phpmyadmin/index.php?ajax_request=1&recent_table=1&token=404c3a44c6b76a553e445b94f80276f9 HTTP/1.1" 200 623
::1 - - [26/Jan/2015:10:04:18 +0100] "GET /phpmyadmin/sql.php?db=kinepolisdb&table=personeel&sql_query=DELETE+FROM+%60kinepolisdb%60.%60personeel%60+WHERE+%60personeel%60.%60PersoneelID%60+%3D+6&message_to_show=De+regel+werd+verwijderd&goto=sql.php%3Fdb%3Dkinepolisdb%26table%3Dpersoneel%26sql_query%3DSELECT%2B%252A%2BFROM%2B%2560personeel%2560%26message_to_show%3DDe%2Bregel%2Bwerd%2Bverwijderd%26goto%3Dsql.php%26token%3D404c3a44c6b76a553e445b94f80276f9&token=404c3a44c6b76a553e445b94f80276f9&ajax_request=true&ajax_page_request=true&_nocache=142226305866498459 HTTP/1.1" 200 7463
::1 - - [26/Jan/2015:10:04:19 +0100] "GET /phpmyadmin/index.php?ajax_request=1&recent_table=1&token=404c3a44c6b76a553e445b94f80276f9 HTTP/1.1" 200 623
::1 - - [26/Jan/2015:10:04:22 +0100] "POST /phpmyadmin/sql.php HTTP/1.1" 302 13145
::1 - - [26/Jan/2015:10:04:22 +0100] "GET /phpmyadmin/sql.php?db=kinepolisdb&table=personeel&sql_query=SELECT+%2A+FROM+%60personeel%60&message_to_show=De+regel+werd+verwijderd&goto=sql.php&token=404c3a44c6b76a553e445b94f80276f9&message=1+rij+verwijderd.+%28query+duurde+0.0512+sec%29 HTTP/1.1" 302 13161
::1 - - [26/Jan/2015:10:04:23 +0100] "GET /phpmyadmin/tbl_structure.php?db=kinepolisdb&table=personeel&token=404c3a44c6b76a553e445b94f80276f9&sql_query=SELECT+%2A+FROM+%60personeel%60&message=MySQL+gaf+een+lege+resultatenset+terug+%280+rijen%29.+%28query+duurde+0.0012+sec%29 HTTP/1.1" 200 55063
::1 - - [26/Jan/2015:10:04:24 +0100] "GET /phpmyadmin/js/get_scripts.js.php?scripts[]=jquery/jquery-1.8.3.js&scripts[]=ajax.js&scripts[]=keyhandler.js&scripts[]=jquery/jquery-ui-1.9.2.custom.js&scripts[]=jquery/jquery.sprintf.js&scripts[]=jquery/jquery.cookie.js&scripts[]=jquery/jquery.mousewheel.js&scripts[]=jquery/jquery.event.drag-2.2.js&scripts[]=jquery/jquery-ui-timepicker-addon.js&scripts[]=jquery/jquery.ba-hashchange-1.3.js&scripts[]=jquery/jquery.debounce-1.0.5.js&scripts[]=jquery/jquery.menuResizer-1.0.js&scripts[]=rte.js&scripts[]=functions.js&scripts[]=navigation.js&scripts[]=indexes.js&scripts[]=common.js&scripts[]=tbl_structure.js&scripts[]=codemirror/lib/codemirror.js&scripts[]=codemirror/mode/mysql/mysql.js HTTP/1.1" 200 586058
::1 - - [26/Jan/2015:10:04:24 +0100] "GET /phpmyadmin/index.php?ajax_request=1&recent_table=1&token=404c3a44c6b76a553e445b94f80276f9 HTTP/1.1" 200 623
::1 - - [26/Jan/2015:10:04:33 +0100] "GET /phpmyadmin/tbl_change.php?db=kinepolisdb&table=personeel&token=404c3a44c6b76a553e445b94f80276f9&ajax_request=true&ajax_page_request=true&menuHashes=2b5daab6&_nocache=1422263073593498230 HTTP/1.1" 200 66258
::1 - - [26/Jan/2015:10:04:34 +0100] "GET /phpmyadmin/js/get_scripts.js.php?scripts[]=tbl_change.js&scripts[]=gis_data_editor.js HTTP/1.1" 200 14707
::1 - - [26/Jan/2015:10:04:34 +0100] "GET /phpmyadmin/index.php?ajax_request=1&recent_table=1&token=404c3a44c6b76a553e445b94f80276f9 HTTP/1.1" 200 623
::1 - - [26/Jan/2015:10:05:20 +0100] "POST /phpmyadmin/tbl_replace.php HTTP/1.1" 200 14832
::1 - - [26/Jan/2015:10:05:21 +0100] "GET /phpmyadmin/js/get_scripts.js.php?scripts[]=makegrid.js&scripts[]=sql.js HTTP/1.1" 200 35099
::1 - - [26/Jan/2015:10:05:21 +0100] "GET /phpmyadmin/index.php?ajax_request=1&recent_table=1&token=404c3a44c6b76a553e445b94f80276f9 HTTP/1.1" 200 623
::1 - - [26/Jan/2015:10:05:25 +0100] "GET /phpmyadmin/sql.php?db=kinepolisdb&table=personeel&token=404c3a44c6b76a553e445b94f80276f9&pos=0&ajax_request=true&ajax_page_request=true&menuHashes=2b5daab6-85c4a635-056700f4&_nocache=1422263125366875826 HTTP/1.1" 200 21073
::1 - - [26/Jan/2015:10:05:26 +0100] "GET /phpmyadmin/index.php?ajax_request=1&recent_table=1&token=404c3a44c6b76a553e445b94f80276f9 HTTP/1.1" 200 623
