::1 - - [20/Jan/2015:21:12:24 +0100] "GET /phpmyadmin/sql.php?db=kinepolisdb&table=films&token=a6620aa237b7e097fafbdfc4e05cb478&ajax_request=true&ajax_page_request=true&menuHashes=242568d1&_nocache=1421784744430919274 HTTP/1.1" 200 310
::1 - - [20/Jan/2015:21:12:29 +0100] "POST /phpmyadmin/tbl_replace.php HTTP/1.1" 200 8316
::1 - - [20/Jan/2015:21:12:30 +0100] "GET /phpmyadmin/themes/dot.gif HTTP/1.1" 304 -
::1 - - [20/Jan/2015:21:12:30 +0100] "GET /phpmyadmin/themes/pmahomme/jquery/jquery-ui-1.9.2.custom.css HTTP/1.1" 304 -
::1 - - [20/Jan/2015:21:12:30 +0100] "GET /phpmyadmin/js/get_scripts.js.php?scripts[]=jquery/jquery-1.8.3.js&scripts[]=ajax.js&scripts[]=keyhandler.js&scripts[]=jquery/jquery-ui-1.9.2.custom.js&scripts[]=jquery/jquery.sprintf.js&scripts[]=jquery/jquery.cookie.js&scripts[]=jquery/jquery.mousewheel.js&scripts[]=jquery/jquery.event.drag-2.2.js&scripts[]=jquery/jquery-ui-timepicker-addon.js&scripts[]=jquery/jquery.ba-hashchange-1.3.js&scripts[]=jquery/jquery.debounce-1.0.5.js&scripts[]=jquery/jquery.menuResizer-1.0.js&scripts[]=rte.js&scripts[]=functions.js&scripts[]=navigation.js&scripts[]=indexes.js&scripts[]=common.js&scripts[]=codemirror/lib/codemirror.js&scripts[]=codemirror/mode/mysql/mysql.js HTTP/1.1" 200 578562
::1 - - [20/Jan/2015:21:12:30 +0100] "GET /phpmyadmin/phpmyadmin.css.php?server=1&token=a6620aa237b7e097fafbdfc4e05cb478&nocache=4251025850ltr HTTP/1.1" 200 88608
::1 - - [20/Jan/2015:21:12:30 +0100] "GET /phpmyadmin/js/messages.php?lang=nl&db=kinepolisdb&server=0&token=a6620aa237b7e097fafbdfc4e05cb478 HTTP/1.1" 200 18194
::1 - - [20/Jan/2015:21:12:30 +0100] "GET /phpmyadmin/js/get_image.js.php?theme=pmahomme HTTP/1.1" 200 6263
::1 - - [20/Jan/2015:21:12:32 +0100] "GET /phpmyadmin/tbl_structure.php?db=kinepolisdb&table=films&server=1&target=&token=a6620aa237b7e097fafbdfc4e05cb478 HTTP/1.1" 200 8283
::1 - - [20/Jan/2015:21:12:33 +0100] "GET /phpmyadmin/js/messages.php?lang=nl&db=kinepolisdb&token=a6620aa237b7e097fafbdfc4e05cb478 HTTP/1.1" 200 18194
::1 - - [20/Jan/2015:21:12:35 +0100] "POST /phpmyadmin/index.php HTTP/1.1" 302 -
::1 - - [20/Jan/2015:21:12:35 +0100] "GET /phpmyadmin/index.php?db=kinepolisdb&table=films&target=tbl_structure.php&token=a6620aa237b7e097fafbdfc4e05cb478 HTTP/1.1" 200 64582
::1 - - [20/Jan/2015:21:12:37 +0100] "GET /phpmyadmin/js/get_scripts.js.php?scripts[]=jquery/jquery-1.8.3.js&scripts[]=ajax.js&scripts[]=keyhandler.js&scripts[]=jquery/jquery-ui-1.9.2.custom.js&scripts[]=jquery/jquery.sprintf.js&scripts[]=jquery/jquery.cookie.js&scripts[]=jquery/jquery.mousewheel.js&scripts[]=jquery/jquery.event.drag-2.2.js&scripts[]=jquery/jquery-ui-timepicker-addon.js&scripts[]=jquery/jquery.ba-hashchange-1.3.js&scripts[]=jquery/jquery.debounce-1.0.5.js&scripts[]=jquery/jquery.menuResizer-1.0.js&scripts[]=rte.js&scripts[]=functions.js&scripts[]=navigation.js&scripts[]=indexes.js&scripts[]=common.js&scripts[]=tbl_structure.js&scripts[]=codemirror/lib/codemirror.js&scripts[]=codemirror/mode/mysql/mysql.js HTTP/1.1" 200 586058
::1 - - [20/Jan/2015:21:12:37 +0100] "GET /phpmyadmin/phpmyadmin.css.php?server=1&token=a6620aa237b7e097fafbdfc4e05cb478&nocache=5672434695ltr HTTP/1.1" 200 88608
::1 - - [20/Jan/2015:21:12:37 +0100] "GET /phpmyadmin/js/messages.php?lang=nl&db=kinepolisdb&server=0&token=a6620aa237b7e097fafbdfc4e05cb478 HTTP/1.1" 200 18194
::1 - - [20/Jan/2015:21:12:38 +0100] "GET /phpmyadmin/index.php?ajax_request=1&recent_table=1&token=a6620aa237b7e097fafbdfc4e05cb478 HTTP/1.1" 200 1145
::1 - - [20/Jan/2015:21:12:40 +0100] "GET /phpmyadmin/db_structure.php?db=kinepolisdb&token=a6620aa237b7e097fafbdfc4e05cb478&ajax_request=true&ajax_page_request=true&menuHashes=fc675d75&_nocache=1421784760811409019 HTTP/1.1" 200 21300
::1 - - [20/Jan/2015:21:12:41 +0100] "GET /phpmyadmin/js/get_scripts.js.php?scripts[]=db_structure.js&scripts[]=tbl_change.js HTTP/1.1" 200 12382
::1 - - [20/Jan/2015:21:12:43 +0100] "GET /phpmyadmin/sql.php?db=kinepolisdb&token=a6620aa237b7e097fafbdfc4e05cb478&goto=db_structure.php&table=zalen&pos=0&ajax_request=true&ajax_page_request=true&menuHashes=fc675d75-1875df4d&_nocache=1421784763885563739 HTTP/1.1" 200 10312
::1 - - [20/Jan/2015:21:12:44 +0100] "GET /phpmyadmin/js/get_scripts.js.php?scripts[]=gis_data_editor.js HTTP/1.1" 200 7692
::1 - - [20/Jan/2015:21:12:44 +0100] "GET /phpmyadmin/index.php?ajax_request=1&recent_table=1&token=a6620aa237b7e097fafbdfc4e05cb478 HTTP/1.1" 200 1145
::1 - - [20/Jan/2015:21:12:46 +0100] "GET /phpmyadmin/tbl_structure.php?db=kinepolisdb&table=zalen&token=a6620aa237b7e097fafbdfc4e05cb478&ajax_request=true&ajax_page_request=true&menuHashes=fc675d75-1875df4d-f3cd9f1f&_nocache=1421784766668414932 HTTP/1.1" 200 33730
::1 - - [20/Jan/2015:21:12:47 +0100] "GET /phpmyadmin/index.php?ajax_request=1&recent_table=1&token=a6620aa237b7e097fafbdfc4e05cb478 HTTP/1.1" 200 1145
::1 - - [20/Jan/2015:21:27:15 +0100] "GET /phpmyadmin/sql.php?db=kinepolisdb&table=zalen&token=a6620aa237b7e097fafbdfc4e05cb478&pos=0&ajax_request=true&ajax_page_request=true&menuHashes=fc675d75-1875df4d-f3cd9f1f-52efe5f7&_nocache=1421785635090262116 HTTP/1.1" 200 21201
::1 - - [20/Jan/2015:21:27:15 +0100] "GET /phpmyadmin/js/get_scripts.js.php?scripts[]=makegrid.js&scripts[]=sql.js HTTP/1.1" 200 35099
::1 - - [20/Jan/2015:21:27:15 +0100] "GET /phpmyadmin/index.php?ajax_request=1&recent_table=1&token=a6620aa237b7e097fafbdfc4e05cb478 HTTP/1.1" 200 1145
::1 - - [20/Jan/2015:21:28:11 +0100] "GET /phpmyadmin/tbl_structure.php?db=kinepolisdb&table=zalen&token=a6620aa237b7e097fafbdfc4e05cb478&ajax_request=true&ajax_page_request=true&menuHashes=fc675d75-1875df4d-f3cd9f1f-52efe5f7&_nocache=1421785691401127210 HTTP/1.1" 200 30629
::1 - - [20/Jan/2015:21:28:12 +0100] "GET /phpmyadmin/index.php?ajax_request=1&recent_table=1&token=a6620aa237b7e097fafbdfc4e05cb478 HTTP/1.1" 200 1145
::1 - - [20/Jan/2015:23:37:11 +0100] "GET /phpmyadmin/db_structure.php?db=kinepolisdb&token=a6620aa237b7e097fafbdfc4e05cb478&ajax_request=true&ajax_page_request=true&menuHashes=fc675d75-1875df4d-f3cd9f1f-52efe5f7&_nocache=1421793431182886385 HTTP/1.1" 200 310
::1 - - [20/Jan/2015:23:37:15 +0100] "GET /phpmyadmin/themes/pmahomme/jquery/jquery-ui-1.9.2.custom.css HTTP/1.1" 304 -
::1 - - [20/Jan/2015:23:37:14 +0100] "GET /phpmyadmin/index.php?db=kinepolisdb&table=films&target=tbl_structure.php&token=a6620aa237b7e097fafbdfc4e05cb478 HTTP/1.1" 200 8318
::1 - - [20/Jan/2015:23:37:15 +0100] "GET /phpmyadmin/themes/pmahomme/img/logo_right.png HTTP/1.1" 304 -
::1 - - [20/Jan/2015:23:37:15 +0100] "GET /phpmyadmin/themes/dot.gif HTTP/1.1" 304 -
::1 - - [20/Jan/2015:23:37:15 +0100] "GET /phpmyadmin/js/get_scripts.js.php?scripts[]=jquery/jquery-1.8.3.js&scripts[]=ajax.js&scripts[]=keyhandler.js&scripts[]=jquery/jquery-ui-1.9.2.custom.js&scripts[]=jquery/jquery.sprintf.js&scripts[]=jquery/jquery.cookie.js&scripts[]=jquery/jquery.mousewheel.js&scripts[]=jquery/jquery.event.drag-2.2.js&scripts[]=jquery/jquery-ui-timepicker-addon.js&scripts[]=jquery/jquery.ba-hashchange-1.3.js&scripts[]=jquery/jquery.debounce-1.0.5.js&scripts[]=jquery/jquery.menuResizer-1.0.js&scripts[]=rte.js&scripts[]=functions.js&scripts[]=navigation.js&scripts[]=indexes.js&scripts[]=common.js&scripts[]=codemirror/lib/codemirror.js&scripts[]=codemirror/mode/mysql/mysql.js HTTP/1.1" 200 578562
::1 - - [20/Jan/2015:23:37:15 +0100] "GET /phpmyadmin/js/messages.php?lang=nl&db=kinepolisdb&server=0&token=a6620aa237b7e097fafbdfc4e05cb478 HTTP/1.1" 200 18194
::1 - - [20/Jan/2015:23:37:15 +0100] "GET /phpmyadmin/js/get_image.js.php?theme=pmahomme HTTP/1.1" 200 6263
::1 - - [20/Jan/2015:23:37:15 +0100] "GET /phpmyadmin/phpmyadmin.css.php?server=1&token=a6620aa237b7e097fafbdfc4e05cb478&nocache=4251025850ltr HTTP/1.1" 200 88608
::1 - - [20/Jan/2015:23:37:17 +0100] "GET /phpmyadmin/tbl_structure.php?db=kinepolisdb&table=zalen&server=1&target=&token=a6620aa237b7e097fafbdfc4e05cb478 HTTP/1.1" 200 8283
::1 - - [20/Jan/2015:23:53:31 +0100] "POST /phpmyadmin/index.php HTTP/1.1" 302 -
::1 - - [20/Jan/2015:23:53:31 +0100] "GET /phpmyadmin/index.php?db=kinepolisdb&table=zalen&target=tbl_structure.php&token=a6620aa237b7e097fafbdfc4e05cb478 HTTP/1.1" 200 41893
::1 - - [20/Jan/2015:23:53:32 +0100] "GET /phpmyadmin/js/get_scripts.js.php?scripts[]=jquery/jquery-1.8.3.js&scripts[]=ajax.js&scripts[]=keyhandler.js&scripts[]=jquery/jquery-ui-1.9.2.custom.js&scripts[]=jquery/jquery.sprintf.js&scripts[]=jquery/jquery.cookie.js&scripts[]=jquery/jquery.mousewheel.js&scripts[]=jquery/jquery.event.drag-2.2.js&scripts[]=jquery/jquery-ui-timepicker-addon.js&scripts[]=jquery/jquery.ba-hashchange-1.3.js&scripts[]=jquery/jquery.debounce-1.0.5.js&scripts[]=jquery/jquery.menuResizer-1.0.js&scripts[]=rte.js&scripts[]=functions.js&scripts[]=navigation.js&scripts[]=indexes.js&scripts[]=common.js&scripts[]=tbl_structure.js&scripts[]=codemirror/lib/codemirror.js&scripts[]=codemirror/mode/mysql/mysql.js HTTP/1.1" 200 586058
::1 - - [20/Jan/2015:23:53:32 +0100] "GET /phpmyadmin/js/messages.php?lang=nl&db=kinepolisdb&server=0&token=a6620aa237b7e097fafbdfc4e05cb478 HTTP/1.1" 200 18194
::1 - - [20/Jan/2015:23:53:32 +0100] "GET /phpmyadmin/phpmyadmin.css.php?server=1&token=a6620aa237b7e097fafbdfc4e05cb478&nocache=5672434695ltr HTTP/1.1" 200 88608
::1 - - [20/Jan/2015:23:53:33 +0100] "GET /phpmyadmin/themes/pmahomme/img/arrow_ltr.png HTTP/1.1" 200 139
::1 - - [20/Jan/2015:23:53:33 +0100] "GET /phpmyadmin/themes/pmahomme/img/ajax_clock_small.gif HTTP/1.1" 200 1810
::1 - - [20/Jan/2015:23:53:33 +0100] "GET /phpmyadmin/index.php?ajax_request=1&recent_table=1&token=a6620aa237b7e097fafbdfc4e05cb478 HTTP/1.1" 200 1145
::1 - - [20/Jan/2015:23:53:42 +0100] "GET /phpmyadmin/themes/pmahomme/img/logo_left.png HTTP/1.1" 200 2327
::1 - - [21/Jan/2015:00:20:25 +0100] "GET /phpmyadmin/db_structure.php?db=kinepolisdb&token=a6620aa237b7e097fafbdfc4e05cb478&ajax_request=true&ajax_page_request=true&menuHashes=5eaa9724&_nocache=1421796025620367610 HTTP/1.1" 200 310
::1 - - [21/Jan/2015:00:20:28 +0100] "GET /phpmyadmin/index.php?db=kinepolisdb&table=zalen&target=tbl_structure.php&token=a6620aa237b7e097fafbdfc4e05cb478 HTTP/1.1" 200 8318
::1 - - [21/Jan/2015:00:20:29 +0100] "GET /phpmyadmin/themes/pmahomme/jquery/jquery-ui-1.9.2.custom.css HTTP/1.1" 304 -
::1 - - [21/Jan/2015:00:20:29 +0100] "GET /phpmyadmin/themes/pmahomme/img/logo_right.png HTTP/1.1" 304 -
::1 - - [21/Jan/2015:00:20:29 +0100] "GET /phpmyadmin/themes/dot.gif HTTP/1.1" 304 -
::1 - - [21/Jan/2015:00:20:29 +0100] "GET /phpmyadmin/js/get_scripts.js.php?scripts[]=jquery/jquery-1.8.3.js&scripts[]=ajax.js&scripts[]=keyhandler.js&scripts[]=jquery/jquery-ui-1.9.2.custom.js&scripts[]=jquery/jquery.sprintf.js&scripts[]=jquery/jquery.cookie.js&scripts[]=jquery/jquery.mousewheel.js&scripts[]=jquery/jquery.event.drag-2.2.js&scripts[]=jquery/jquery-ui-timepicker-addon.js&scripts[]=jquery/jquery.ba-hashchange-1.3.js&scripts[]=jquery/jquery.debounce-1.0.5.js&scripts[]=jquery/jquery.menuResizer-1.0.js&scripts[]=rte.js&scripts[]=functions.js&scripts[]=navigation.js&scripts[]=indexes.js&scripts[]=common.js&scripts[]=codemirror/lib/codemirror.js&scripts[]=codemirror/mode/mysql/mysql.js HTTP/1.1" 200 578562
::1 - - [21/Jan/2015:00:20:29 +0100] "GET /phpmyadmin/js/get_image.js.php?theme=pmahomme HTTP/1.1" 200 6263
::1 - - [21/Jan/2015:00:20:29 +0100] "GET /phpmyadmin/phpmyadmin.css.php?server=1&token=a6620aa237b7e097fafbdfc4e05cb478&nocache=4251025850ltr HTTP/1.1" 200 88608
::1 - - [21/Jan/2015:00:20:29 +0100] "GET /phpmyadmin/js/messages.php?lang=nl&db=kinepolisdb&server=0&token=a6620aa237b7e097fafbdfc4e05cb478 HTTP/1.1" 200 18194
::1 - - [21/Jan/2015:00:20:30 +0100] "GET /phpmyadmin/index.php?db=kinepolisdb&table=zalen&server=1&target=tbl_structure.php&token=a6620aa237b7e097fafbdfc4e05cb478 HTTP/1.1" 200 8283
::1 - - [21/Jan/2015:00:20:31 +0100] "GET /phpmyadmin/js/messages.php?lang=nl&db=kinepolisdb&token=a6620aa237b7e097fafbdfc4e05cb478 HTTP/1.1" 200 18194
::1 - - [21/Jan/2015:00:20:33 +0100] "POST /phpmyadmin/index.php HTTP/1.1" 302 -
::1 - - [21/Jan/2015:00:20:33 +0100] "GET /phpmyadmin/index.php?db=kinepolisdb&table=zalen&target=tbl_structure.php&token=a6620aa237b7e097fafbdfc4e05cb478 HTTP/1.1" 200 41893
::1 - - [21/Jan/2015:00:20:34 +0100] "GET /phpmyadmin/js/get_scripts.js.php?scripts[]=jquery/jquery-1.8.3.js&scripts[]=ajax.js&scripts[]=keyhandler.js&scripts[]=jquery/jquery-ui-1.9.2.custom.js&scripts[]=jquery/jquery.sprintf.js&scripts[]=jquery/jquery.cookie.js&scripts[]=jquery/jquery.mousewheel.js&scripts[]=jquery/jquery.event.drag-2.2.js&scripts[]=jquery/jquery-ui-timepicker-addon.js&scripts[]=jquery/jquery.ba-hashchange-1.3.js&scripts[]=jquery/jquery.debounce-1.0.5.js&scripts[]=jquery/jquery.menuResizer-1.0.js&scripts[]=rte.js&scripts[]=functions.js&scripts[]=navigation.js&scripts[]=indexes.js&scripts[]=common.js&scripts[]=tbl_structure.js&scripts[]=codemirror/lib/codemirror.js&scripts[]=codemirror/mode/mysql/mysql.js HTTP/1.1" 200 586058
::1 - - [21/Jan/2015:00:20:34 +0100] "GET /phpmyadmin/js/messages.php?lang=nl&db=kinepolisdb&server=0&token=a6620aa237b7e097fafbdfc4e05cb478 HTTP/1.1" 200 18194
::1 - - [21/Jan/2015:00:20:35 +0100] "GET /phpmyadmin/index.php?ajax_request=1&recent_table=1&token=a6620aa237b7e097fafbdfc4e05cb478 HTTP/1.1" 200 1145
::1 - - [21/Jan/2015:00:20:38 +0100] "GET /phpmyadmin/db_structure.php?db=kinepolisdb&token=a6620aa237b7e097fafbdfc4e05cb478&ajax_request=true&ajax_page_request=true&menuHashes=5eaa9724&_nocache=1421796038550533655 HTTP/1.1" 200 21299
::1 - - [21/Jan/2015:00:20:39 +0100] "GET /phpmyadmin/js/get_scripts.js.php?scripts[]=db_structure.js&scripts[]=tbl_change.js HTTP/1.1" 200 12382
::1 - - [21/Jan/2015:00:20:42 +0100] "GET /phpmyadmin/sql.php?db=kinepolisdb&token=a6620aa237b7e097fafbdfc4e05cb478&goto=db_structure.php&table=voorstellingen&pos=0&ajax_request=true&ajax_page_request=true&menuHashes=5eaa9724-1875df4d&_nocache=1421796042016430203 HTTP/1.1" 200 10672
::1 - - [21/Jan/2015:00:20:42 +0100] "GET /phpmyadmin/js/get_scripts.js.php?scripts[]=gis_data_editor.js HTTP/1.1" 200 7692
::1 - - [21/Jan/2015:00:20:42 +0100] "GET /phpmyadmin/index.php?ajax_request=1&recent_table=1&token=a6620aa237b7e097fafbdfc4e05cb478 HTTP/1.1" 200 1145
::1 - - [21/Jan/2015:00:20:44 +0100] "GET /phpmyadmin/tbl_structure.php?db=kinepolisdb&table=voorstellingen&token=a6620aa237b7e097fafbdfc4e05cb478&ajax_request=true&ajax_page_request=true&menuHashes=5eaa9724-1875df4d-f5bfc337&_nocache=142179604480813890 HTTP/1.1" 200 41774
::1 - - [21/Jan/2015:00:20:45 +0100] "GET /phpmyadmin/index.php?ajax_request=1&recent_table=1&token=a6620aa237b7e097fafbdfc4e05cb478 HTTP/1.1" 200 1145
::1 - - [21/Jan/2015:01:15:34 +0100] "GET /phpmyadmin/db_structure.php?db=kinepolisdb&token=a6620aa237b7e097fafbdfc4e05cb478&ajax_request=true&ajax_page_request=true&menuHashes=5eaa9724-1875df4d-f5bfc337-ef2af36d&_nocache=1421799334662644237 HTTP/1.1" 200 310
::1 - - [21/Jan/2015:01:15:37 +0100] "GET /phpmyadmin/index.php?db=kinepolisdb&table=zalen&target=tbl_structure.php&token=a6620aa237b7e097fafbdfc4e05cb478 HTTP/1.1" 200 8318
::1 - - [21/Jan/2015:01:15:38 +0100] "GET /phpmyadmin/themes/pmahomme/img/logo_right.png HTTP/1.1" 304 -
::1 - - [21/Jan/2015:01:15:38 +0100] "GET /phpmyadmin/themes/dot.gif HTTP/1.1" 304 -
::1 - - [21/Jan/2015:01:15:38 +0100] "GET /phpmyadmin/themes/pmahomme/jquery/jquery-ui-1.9.2.custom.css HTTP/1.1" 304 -
::1 - - [21/Jan/2015:01:15:38 +0100] "GET /phpmyadmin/js/get_scripts.js.php?scripts[]=jquery/jquery-1.8.3.js&scripts[]=ajax.js&scripts[]=keyhandler.js&scripts[]=jquery/jquery-ui-1.9.2.custom.js&scripts[]=jquery/jquery.sprintf.js&scripts[]=jquery/jquery.cookie.js&scripts[]=jquery/jquery.mousewheel.js&scripts[]=jquery/jquery.event.drag-2.2.js&scripts[]=jquery/jquery-ui-timepicker-addon.js&scripts[]=jquery/jquery.ba-hashchange-1.3.js&scripts[]=jquery/jquery.debounce-1.0.5.js&scripts[]=jquery/jquery.menuResizer-1.0.js&scripts[]=rte.js&scripts[]=functions.js&scripts[]=navigation.js&scripts[]=indexes.js&scripts[]=common.js&scripts[]=codemirror/lib/codemirror.js&scripts[]=codemirror/mode/mysql/mysql.js HTTP/1.1" 200 578562
::1 - - [21/Jan/2015:01:15:38 +0100] "GET /phpmyadmin/phpmyadmin.css.php?server=1&token=a6620aa237b7e097fafbdfc4e05cb478&nocache=4251025850ltr HTTP/1.1" 200 88608
::1 - - [21/Jan/2015:01:15:38 +0100] "GET /phpmyadmin/js/get_image.js.php?theme=pmahomme HTTP/1.1" 200 6263
::1 - - [21/Jan/2015:01:15:38 +0100] "GET /phpmyadmin/js/messages.php?lang=nl&db=kinepolisdb&server=0&token=a6620aa237b7e097fafbdfc4e05cb478 HTTP/1.1" 200 18194
::1 - - [21/Jan/2015:01:15:39 +0100] "GET /phpmyadmin/tbl_structure.php?db=kinepolisdb&table=voorstellingen&server=1&target=&token=a6620aa237b7e097fafbdfc4e05cb478 HTTP/1.1" 200 8310
::1 - - [21/Jan/2015:01:15:42 +0100] "POST /phpmyadmin/index.php HTTP/1.1" 302 -
::1 - - [21/Jan/2015:01:15:43 +0100] "GET /phpmyadmin/index.php?db=kinepolisdb&table=voorstellingen&target=tbl_structure.php&token=a6620aa237b7e097fafbdfc4e05cb478 HTTP/1.1" 200 49506
::1 - - [21/Jan/2015:01:15:44 +0100] "GET /phpmyadmin/js/messages.php?lang=nl&db=kinepolisdb&server=0&token=a6620aa237b7e097fafbdfc4e05cb478 HTTP/1.1" 200 18194
::1 - - [21/Jan/2015:01:15:44 +0100] "GET /phpmyadmin/index.php?ajax_request=1&recent_table=1&token=a6620aa237b7e097fafbdfc4e05cb478 HTTP/1.1" 200 1145
